<?xml version="1.0" encoding="UTF-8"?>
<testng-results ignored="0" total="6" passed="6" failed="0" skipped="0">
  <reporter-output>
  </reporter-output>
  <suite started-at="2022-10-21T22:20:33 IST" name="Suite1234" finished-at="2022-10-21T22:29:49 IST" duration-ms="556155">
    <groups>
    </groups>
    <test started-at="2022-10-21T22:20:33 IST" name="ChromeBrowser" finished-at="2022-10-21T22:27:38 IST" duration-ms="424449">
      <class name="Test.ToVerify_FunctionallityTestNG01">
        <test-method is-config="true" signature="launchBrowser(java.lang.String)[pri:0, instance:Test.ToVerify_FunctionallityTestNG01@1189dd52]" started-at="2022-10-21T22:20:33 IST" name="launchBrowser" finished-at="2022-10-21T22:20:35 IST" duration-ms="1914" status="PASS">
          <params>
            <param index="0">
              <value>
                <![CDATA[Chrome]]>
              </value>
            </param>
          </params>
          <reporter-output>
          </reporter-output>
        </test-method> <!-- launchBrowser -->
        <test-method is-config="true" signature="createPOMObjects()[pri:0, instance:Test.ToVerify_FunctionallityTestNG01@1189dd52]" started-at="2022-10-21T22:20:36 IST" name="createPOMObjects" finished-at="2022-10-21T22:20:36 IST" duration-ms="61" status="PASS">
          <reporter-output>
          </reporter-output>
        </test-method> <!-- createPOMObjects -->
        <test-method is-config="true" signature="signinToApplication()[pri:0, instance:Test.ToVerify_FunctionallityTestNG01@1189dd52]" started-at="2022-10-21T22:20:36 IST" name="signinToApplication" finished-at="2022-10-21T22:21:02 IST" duration-ms="25140" status="PASS">
          <reporter-output>
          </reporter-output>
        </test-method> <!-- signinToApplication -->
        <test-method signature="toVerifyFashionPage()[pri:0, instance:Test.ToVerify_FunctionallityTestNG01@1189dd52]" started-at="2022-10-21T22:21:02 IST" name="toVerifyFashionPage" finished-at="2022-10-21T22:23:15 IST" duration-ms="133461" status="PASS">
          <reporter-output>
          </reporter-output>
        </test-method> <!-- toVerifyFashionPage -->
        <test-method is-config="true" signature="signoutFromApplication()[pri:0, instance:Test.ToVerify_FunctionallityTestNG01@1189dd52]" started-at="2022-10-21T22:23:15 IST" name="signoutFromApplication" finished-at="2022-10-21T22:23:27 IST" duration-ms="12021" status="PASS">
          <reporter-output>
          </reporter-output>
        </test-method> <!-- signoutFromApplication -->
        <test-method is-config="true" signature="clearObject()[pri:0, instance:Test.ToVerify_FunctionallityTestNG01@1189dd52]" started-at="2022-10-21T22:23:27 IST" name="clearObject" finished-at="2022-10-21T22:23:27 IST" duration-ms="1" status="PASS">
          <reporter-output>
          </reporter-output>
        </test-method> <!-- clearObject -->
        <test-method is-config="true" signature="closeBrowser()[pri:0, instance:Test.ToVerify_FunctionallityTestNG01@1189dd52]" started-at="2022-10-21T22:27:37 IST" name="closeBrowser" finished-at="2022-10-21T22:27:37 IST" duration-ms="419" status="PASS">
          <reporter-output>
          </reporter-output>
        </test-method> <!-- closeBrowser -->
      </class> <!-- Test.ToVerify_FunctionallityTestNG01 -->
      <class name="Test.ToVerify_Shopping_FunctionallityTestNG">
        <test-method is-config="true" signature="launchBrowser(java.lang.String)[pri:0, instance:Test.ToVerify_Shopping_FunctionallityTestNG@37afeb11]" started-at="2022-10-21T22:20:35 IST" name="launchBrowser" finished-at="2022-10-21T22:20:36 IST" duration-ms="1337" status="PASS">
          <params>
            <param index="0">
              <value>
                <![CDATA[Chrome]]>
              </value>
            </param>
          </params>
          <reporter-output>
          </reporter-output>
        </test-method> <!-- launchBrowser -->
        <test-method is-config="true" signature="createPOMObjects()[pri:0, instance:Test.ToVerify_Shopping_FunctionallityTestNG@37afeb11]" started-at="2022-10-21T22:20:36 IST" name="createPOMObjects" finished-at="2022-10-21T22:20:36 IST" duration-ms="58" status="PASS">
          <reporter-output>
          </reporter-output>
        </test-method> <!-- createPOMObjects -->
        <test-method is-config="true" signature="signinToApplication()[pri:0, instance:Test.ToVerify_Shopping_FunctionallityTestNG@37afeb11]" started-at="2022-10-21T22:20:36 IST" name="signinToApplication" finished-at="2022-10-21T22:21:31 IST" duration-ms="54599" status="PASS">
          <reporter-output>
          </reporter-output>
        </test-method> <!-- signinToApplication -->
        <test-method signature="toVerifyMobileBuynowbutton()[pri:0, instance:Test.ToVerify_Shopping_FunctionallityTestNG@37afeb11]" started-at="2022-10-21T22:21:31 IST" name="toVerifyMobileBuynowbutton" finished-at="2022-10-21T22:23:40 IST" duration-ms="128818" status="PASS">
          <reporter-output>
          </reporter-output>
        </test-method> <!-- toVerifyMobileBuynowbutton -->
        <test-method is-config="true" signature="signoutFromApplication()[pri:0, instance:Test.ToVerify_Shopping_FunctionallityTestNG@37afeb11]" started-at="2022-10-21T22:23:40 IST" name="signoutFromApplication" finished-at="2022-10-21T22:23:46 IST" duration-ms="6320" status="PASS">
          <reporter-output>
          </reporter-output>
        </test-method> <!-- signoutFromApplication -->
        <test-method is-config="true" signature="signinToApplication()[pri:0, instance:Test.ToVerify_Shopping_FunctionallityTestNG@37afeb11]" started-at="2022-10-21T22:23:46 IST" name="signinToApplication" finished-at="2022-10-21T22:25:17 IST" duration-ms="91070" status="PASS">
          <reporter-output>
          </reporter-output>
        </test-method> <!-- signinToApplication -->
        <test-method signature="toVerifyAirdopesAddToCart()[pri:1, instance:Test.ToVerify_Shopping_FunctionallityTestNG@37afeb11]" started-at="2022-10-21T22:25:17 IST" name="toVerifyAirdopesAddToCart" finished-at="2022-10-21T22:27:34 IST" duration-ms="136517" status="PASS">
          <reporter-output>
          </reporter-output>
        </test-method> <!-- toVerifyAirdopesAddToCart -->
        <test-method is-config="true" signature="signoutFromApplication()[pri:0, instance:Test.ToVerify_Shopping_FunctionallityTestNG@37afeb11]" started-at="2022-10-21T22:27:34 IST" name="signoutFromApplication" finished-at="2022-10-21T22:27:37 IST" duration-ms="2860" status="PASS">
          <reporter-output>
          </reporter-output>
        </test-method> <!-- signoutFromApplication -->
        <test-method is-config="true" signature="clearObject()[pri:0, instance:Test.ToVerify_Shopping_FunctionallityTestNG@37afeb11]" started-at="2022-10-21T22:27:37 IST" name="clearObject" finished-at="2022-10-21T22:27:37 IST" duration-ms="1" status="PASS">
          <reporter-output>
          </reporter-output>
        </test-method> <!-- clearObject -->
        <test-method is-config="true" signature="closeBrowser()[pri:0, instance:Test.ToVerify_Shopping_FunctionallityTestNG@37afeb11]" started-at="2022-10-21T22:27:37 IST" name="closeBrowser" finished-at="2022-10-21T22:27:38 IST" duration-ms="476" status="PASS">
          <reporter-output>
          </reporter-output>
        </test-method> <!-- closeBrowser -->
      </class> <!-- Test.ToVerify_Shopping_FunctionallityTestNG -->
    </test> <!-- ChromeBrowser -->
    <test started-at="2022-10-21T22:27:38 IST" name="EdgeBrowser" finished-at="2022-10-21T22:29:49 IST" duration-ms="131655">
      <class name="Test.ToVerify_FunctionallityTestNG01">
        <test-method is-config="true" signature="beforeSuite()[pri:0, instance:Test.ToVerify_FunctionallityTestNG01@4562e04d]" started-at="2022-10-21T22:20:33 IST" name="beforeSuite" finished-at="2022-10-21T22:20:33 IST" duration-ms="9" status="PASS">
          <reporter-output>
          </reporter-output>
        </test-method> <!-- beforeSuite -->
        <test-method is-config="true" signature="launchBrowser(java.lang.String)[pri:0, instance:Test.ToVerify_FunctionallityTestNG01@4562e04d]" started-at="2022-10-21T22:27:38 IST" name="launchBrowser" finished-at="2022-10-21T22:27:41 IST" duration-ms="3409" status="PASS">
          <params>
            <param index="0">
              <value>
                <![CDATA[Edge]]>
              </value>
            </param>
          </params>
          <reporter-output>
          </reporter-output>
        </test-method> <!-- launchBrowser -->
        <test-method is-config="true" signature="createPOMObjects()[pri:0, instance:Test.ToVerify_FunctionallityTestNG01@4562e04d]" started-at="2022-10-21T22:27:44 IST" name="createPOMObjects" finished-at="2022-10-21T22:27:44 IST" duration-ms="1" status="PASS">
          <reporter-output>
          </reporter-output>
        </test-method> <!-- createPOMObjects -->
        <test-method is-config="true" signature="signinToApplication()[pri:0, instance:Test.ToVerify_FunctionallityTestNG01@4562e04d]" started-at="2022-10-21T22:27:44 IST" name="signinToApplication" finished-at="2022-10-21T22:28:01 IST" duration-ms="16320" status="PASS">
          <reporter-output>
          </reporter-output>
        </test-method> <!-- signinToApplication -->
        <test-method signature="toVerifyFashionPage()[pri:0, instance:Test.ToVerify_FunctionallityTestNG01@4562e04d]" started-at="2022-10-21T22:28:01 IST" name="toVerifyFashionPage" finished-at="2022-10-21T22:28:36 IST" duration-ms="35129" status="PASS">
          <reporter-output>
          </reporter-output>
        </test-method> <!-- toVerifyFashionPage -->
        <test-method is-config="true" signature="signoutFromApplication()[pri:0, instance:Test.ToVerify_FunctionallityTestNG01@4562e04d]" started-at="2022-10-21T22:28:36 IST" name="signoutFromApplication" finished-at="2022-10-21T22:28:39 IST" duration-ms="2883" status="PASS">
          <reporter-output>
          </reporter-output>
        </test-method> <!-- signoutFromApplication -->
        <test-method is-config="true" signature="clearObject()[pri:0, instance:Test.ToVerify_FunctionallityTestNG01@4562e04d]" started-at="2022-10-21T22:28:39 IST" name="clearObject" finished-at="2022-10-21T22:28:39 IST" duration-ms="0" status="PASS">
          <reporter-output>
          </reporter-output>
        </test-method> <!-- clearObject -->
        <test-method is-config="true" signature="closeBrowser()[pri:0, instance:Test.ToVerify_FunctionallityTestNG01@4562e04d]" started-at="2022-10-21T22:29:48 IST" name="closeBrowser" finished-at="2022-10-21T22:29:48 IST" duration-ms="401" status="PASS">
          <reporter-output>
          </reporter-output>
        </test-method> <!-- closeBrowser -->
        <test-method is-config="true" signature="afterSuite()[pri:0, instance:Test.ToVerify_FunctionallityTestNG01@4562e04d]" started-at="2022-10-21T22:29:49 IST" name="afterSuite" finished-at="2022-10-21T22:29:49 IST" duration-ms="0" status="PASS">
          <reporter-output>
          </reporter-output>
        </test-method> <!-- afterSuite -->
      </class> <!-- Test.ToVerify_FunctionallityTestNG01 -->
      <class name="Test.ToVerify_Shopping_FunctionallityTestNG">
        <test-method is-config="true" signature="launchBrowser(java.lang.String)[pri:0, instance:Test.ToVerify_Shopping_FunctionallityTestNG@313ac989]" started-at="2022-10-21T22:27:41 IST" name="launchBrowser" finished-at="2022-10-21T22:27:44 IST" duration-ms="3294" status="PASS">
          <params>
            <param index="0">
              <value>
                <![CDATA[Edge]]>
              </value>
            </param>
          </params>
          <reporter-output>
          </reporter-output>
        </test-method> <!-- launchBrowser -->
        <test-method is-config="true" signature="createPOMObjects()[pri:0, instance:Test.ToVerify_Shopping_FunctionallityTestNG@313ac989]" started-at="2022-10-21T22:27:44 IST" name="createPOMObjects" finished-at="2022-10-21T22:27:44 IST" duration-ms="5" status="PASS">
          <reporter-output>
          </reporter-output>
        </test-method> <!-- createPOMObjects -->
        <test-method is-config="true" signature="signinToApplication()[pri:0, instance:Test.ToVerify_Shopping_FunctionallityTestNG@313ac989]" started-at="2022-10-21T22:27:44 IST" name="signinToApplication" finished-at="2022-10-21T22:28:01 IST" duration-ms="16288" status="PASS">
          <reporter-output>
          </reporter-output>
        </test-method> <!-- signinToApplication -->
        <test-method signature="toVerifyMobileBuynowbutton()[pri:0, instance:Test.ToVerify_Shopping_FunctionallityTestNG@313ac989]" started-at="2022-10-21T22:28:01 IST" name="toVerifyMobileBuynowbutton" finished-at="2022-10-21T22:29:01 IST" duration-ms="60240" status="PASS">
          <reporter-output>
          </reporter-output>
        </test-method> <!-- toVerifyMobileBuynowbutton -->
        <test-method is-config="true" signature="signoutFromApplication()[pri:0, instance:Test.ToVerify_Shopping_FunctionallityTestNG@313ac989]" started-at="2022-10-21T22:29:01 IST" name="signoutFromApplication" finished-at="2022-10-21T22:29:05 IST" duration-ms="3807" status="PASS">
          <reporter-output>
          </reporter-output>
        </test-method> <!-- signoutFromApplication -->
        <test-method is-config="true" signature="signinToApplication()[pri:0, instance:Test.ToVerify_Shopping_FunctionallityTestNG@313ac989]" started-at="2022-10-21T22:29:05 IST" name="signinToApplication" finished-at="2022-10-21T22:29:10 IST" duration-ms="5472" status="PASS">
          <reporter-output>
          </reporter-output>
        </test-method> <!-- signinToApplication -->
        <test-method signature="toVerifyAirdopesAddToCart()[pri:1, instance:Test.ToVerify_Shopping_FunctionallityTestNG@313ac989]" started-at="2022-10-21T22:29:10 IST" name="toVerifyAirdopesAddToCart" finished-at="2022-10-21T22:29:45 IST" duration-ms="34888" status="PASS">
          <reporter-output>
          </reporter-output>
        </test-method> <!-- toVerifyAirdopesAddToCart -->
        <test-method is-config="true" signature="signoutFromApplication()[pri:0, instance:Test.ToVerify_Shopping_FunctionallityTestNG@313ac989]" started-at="2022-10-21T22:29:45 IST" name="signoutFromApplication" finished-at="2022-10-21T22:29:48 IST" duration-ms="3041" status="PASS">
          <reporter-output>
          </reporter-output>
        </test-method> <!-- signoutFromApplication -->
        <test-method is-config="true" signature="clearObject()[pri:0, instance:Test.ToVerify_Shopping_FunctionallityTestNG@313ac989]" started-at="2022-10-21T22:29:48 IST" name="clearObject" finished-at="2022-10-21T22:29:48 IST" duration-ms="0" status="PASS">
          <reporter-output>
          </reporter-output>
        </test-method> <!-- clearObject -->
        <test-method is-config="true" signature="closeBrowser()[pri:0, instance:Test.ToVerify_Shopping_FunctionallityTestNG@313ac989]" started-at="2022-10-21T22:29:48 IST" name="closeBrowser" finished-at="2022-10-21T22:29:49 IST" duration-ms="795" status="PASS">
          <reporter-output>
          </reporter-output>
        </test-method> <!-- closeBrowser -->
      </class> <!-- Test.ToVerify_Shopping_FunctionallityTestNG -->
    </test> <!-- EdgeBrowser -->
  </suite> <!-- Suite1234 -->
</testng-results>
