<?xml version="1.0" encoding="UTF-8"?>
<!-- Generated by org.testng.reporters.JUnitXMLReporter -->
<testsuite ignored="0" hostname="LAPTOP-DRQRVLH8" failures="0" tests="3" name="Default test" time="154.741" errors="0" timestamp="2022-10-16T12:32:59 IST">
  <testcase classname="Test.ToVerify_Shopping_FunctionallityTestNG" name="toVerifyMobileBuynowbutton" time="48.334"/>
  <testcase classname="Test.ToVerify_Shopping_FunctionallityTestNG" name="toVerifyAirdopesAddToCart" time="28.178"/>
  <testcase classname="Test.ToVerify_Shopping_FunctionallityTestNG" name="toVerifyFashionPage" time="32.671"/>
</testsuite> <!-- Default test -->
