<?xml version="1.0" encoding="UTF-8"?>
<!-- Generated by org.testng.reporters.JUnitXMLReporter -->
<testsuite ignored="0" hostname="LAPTOP-DRQRVLH8" failures="0" tests="6" name="Chrome" time="240.383" errors="0" timestamp="2022-10-16T12:37:35 IST">
  <testcase classname="Test.ToVerify_Shopping_FunctionallityTestNG" name="toVerifyMobileBuynowbutton" time="38.063"/>
  <testcase classname="Test.ToVerify_Shopping_FunctionallityTestNG" name="toVerifyAirdopesAddToCart" time="22.076"/>
  <testcase classname="Test.ToVerify_Shopping_FunctionallityTestNG" name="toVerifyFashionPage" time="35.707"/>
  <testcase classname="Test.ToVerify_FunctionallityTestNG01" name="toVerifyFashionPage" time="9.62"/>
  <testcase classname="Test.ToVerify_FunctionallityTestNG01" name="toVerifyMobileBuynowbutton" time="26.365"/>
  <testcase classname="Test.ToVerify_FunctionallityTestNG01" name="toVerifyAirdopesAddToCart" time="25.052"/>
</testsuite> <!-- Chrome -->
