<?xml version="1.0" encoding="UTF-8"?>
<!-- Generated by org.testng.reporters.JUnitXMLReporter -->
<testsuite ignored="0" hostname="LAPTOP-DRQRVLH8" failures="0" tests="3" name="ChromeBrowser" time="424.449" errors="0" timestamp="2022-10-21T22:27:38 IST">
  <testcase classname="Test.ToVerify_FunctionallityTestNG01" name="toVerifyFashionPage" time="133.461"/>
  <testcase classname="Test.ToVerify_Shopping_FunctionallityTestNG" name="toVerifyMobileBuynowbutton" time="128.818"/>
  <testcase classname="Test.ToVerify_Shopping_FunctionallityTestNG" name="toVerifyAirdopesAddToCart" time="136.517"/>
</testsuite> <!-- ChromeBrowser -->
