<?xml version="1.0" encoding="UTF-8"?>
<!-- Generated by org.testng.reporters.JUnitXMLReporter -->
<testsuite ignored="0" hostname="LAPTOP-DRQRVLH8" failures="0" tests="3" name="EdgeBrowser" time="131.655" errors="0" timestamp="2022-10-21T22:29:49 IST">
  <testcase classname="Test.ToVerify_FunctionallityTestNG01" name="toVerifyFashionPage" time="35.129"/>
  <testcase classname="Test.ToVerify_Shopping_FunctionallityTestNG" name="toVerifyMobileBuynowbutton" time="60.24"/>
  <testcase classname="Test.ToVerify_Shopping_FunctionallityTestNG" name="toVerifyAirdopesAddToCart" time="34.888"/>
</testsuite> <!-- EdgeBrowser -->
