<?xml version="1.0" encoding="UTF-8"?>
<!-- Generated by org.testng.reporters.JUnitXMLReporter -->
<testsuite ignored="0" hostname="LAPTOP-DRQRVLH8" failures="0" tests="6" name="Test1234" time="0.116" errors="0" timestamp="2022-10-14T13:04:11 IST">
  <testcase classname="Pack123.TestClass" name="testA" time="0.009"/>
  <testcase classname="Pack123.TestClass" name="testB" time="0.001"/>
  <testcase classname="Pack123.TestClass" name="testC" time="0.002"/>
  <testcase classname="Pack123.TestClass123" name="test1" time="0.004"/>
  <testcase classname="Pack123.TestClass123" name="test2" time="0.002"/>
  <testcase classname="Pack123.TestClass123" name="test3" time="0.002"/>
</testsuite> <!-- Test1234 -->
